<?xml version="1.0" encoding="UTF-8"?>
<!-- Generated by org.testng.reporters.JUnitReportReporter -->
<testsuite hostname="Pramod" failures="0" tests="1" name="cucumberOptions.TestNGRunner" time="0.207" errors="0" timestamp="2025-10-07T18:35:39 IST" skipped="0">
  <testcase classname="cucumberOptions.TestNGRunner" name="runScenario" time="0.207"/>
</testsuite> <!-- cucumberOptions.TestNGRunner -->
